2021-08-21 20:34:39[server.js] info: "::1 - - [21/Aug/2021:12:34:39 +0000] \"GET /api/pokemon HTTP/1.1\" 404 150 \"-\" \"PostmanRuntime/7.28.2\"\n"
2021-08-21 20:35:26[server.js] info: "::1 - - [21/Aug/2021:12:35:26 +0000] \"GET /api/pokemon HTTP/1.1\" 200 1355 \"-\" \"PostmanRuntime/7.28.2\"\n"
2021-08-21 20:41:52[server.js] info: "::1 - - [21/Aug/2021:12:41:52 +0000] \"GET /api/pokemon HTTP/1.1\" 200 1355 \"-\" \"PostmanRuntime/7.28.2\"\n"
2021-08-21 20:46:17[server.js] info: "::1 - - [21/Aug/2021:12:46:17 +0000] \"GET /api/pokemon HTTP/1.1\" 200 1355 \"-\" \"PostmanRuntime/7.28.2\"\n"
2021-08-21 20:49:28[server.js] info: "::1 - - [21/Aug/2021:12:49:28 +0000] \"GET /api/pokemon HTTP/1.1\" 200 1355 \"-\" \"PostmanRuntime/7.28.2\"\n"
2021-08-21 20:50:56[server.js] info: "::1 - - [21/Aug/2021:12:50:56 +0000] \"GET /api/pokemon HTTP/1.1\" 200 1355 \"-\" \"PostmanRuntime/7.28.2\"\n"
2021-08-21 20:51:28[server.js] info: "::1 - - [21/Aug/2021:12:51:28 +0000] \"GET /api/pokemon HTTP/1.1\" 200 1355 \"-\" \"PostmanRuntime/7.28.2\"\n"
2021-08-21 20:55:43[server.js] info: "::1 - - [21/Aug/2021:12:55:43 +0000] \"GET /api/pokemon HTTP/1.1\" 200 1355 \"-\" \"PostmanRuntime/7.28.2\"\n"
2021-08-21 20:56:53[server.js] info: "::1 - - [21/Aug/2021:12:56:53 +0000] \"GET /api/pokemon HTTP/1.1\" 200 1215 \"-\" \"PostmanRuntime/7.28.2\"\n"
2021-08-21 20:57:50[server.js] info: "::1 - - [21/Aug/2021:12:57:50 +0000] \"GET /api/pokemon HTTP/1.1\" 200 1355 \"-\" \"PostmanRuntime/7.28.2\"\n"
2021-08-21 21:01:40[server.js] info: "::1 - - [21/Aug/2021:13:01:40 +0000] \"GET /api/pokemon/16 HTTP/1.1\" 200 165473 \"-\" \"PostmanRuntime/7.28.2\"\n"
2021-08-21 21:15:47[server.js] info: "::1 - - [21/Aug/2021:13:15:47 +0000] \"POST /api/pokemon HTTP/1.1\" 500 46 \"-\" \"PostmanRuntime/7.28.2\"\n"
2021-08-21 21:17:29[server.js] info: "::1 - - [21/Aug/2021:13:17:29 +0000] \"POST /api/pokemon HTTP/1.1\" 500 46 \"-\" \"PostmanRuntime/7.28.2\"\n"
2021-08-21 21:18:00[server.js] info: "::1 - - [21/Aug/2021:13:18:00 +0000] \"POST /api/pokemon HTTP/1.1\" 500 46 \"-\" \"PostmanRuntime/7.28.2\"\n"
2021-08-21 21:23:24[server.js] info: "::1 - - [21/Aug/2021:13:23:24 +0000] \"POST /api/pokemon HTTP/1.1\" 500 46 \"-\" \"PostmanRuntime/7.28.2\"\n"
2021-08-21 21:23:51[server.js] info: "::1 - - [21/Aug/2021:13:23:51 +0000] \"POST /api/pokemon HTTP/1.1\" 500 46 \"-\" \"PostmanRuntime/7.28.2\"\n"
2021-08-21 21:24:52[server.js] info: "::1 - - [21/Aug/2021:13:24:52 +0000] \"POST /api/pokemon HTTP/1.1\" 500 46 \"-\" \"PostmanRuntime/7.28.2\"\n"
2021-08-21 21:25:51[server.js] info: "::1 - - [21/Aug/2021:13:25:51 +0000] \"POST /api/pokemon HTTP/1.1\" 200 161 \"-\" \"PostmanRuntime/7.28.2\"\n"
2021-08-21 21:26:19[server.js] info: "::1 - - [21/Aug/2021:13:26:19 +0000] \"POST /api/pokemon HTTP/1.1\" 200 201 \"-\" \"PostmanRuntime/7.28.2\"\n"
2021-08-21 21:26:40[server.js] info: "::1 - - [21/Aug/2021:13:26:40 +0000] \"POST /api/pokemon HTTP/1.1\" 200 201 \"-\" \"PostmanRuntime/7.28.2\"\n"
2021-08-21 21:26:43[server.js] info: "::1 - - [21/Aug/2021:13:26:43 +0000] \"POST /api/pokemon HTTP/1.1\" 200 202 \"-\" \"PostmanRuntime/7.28.2\"\n"
2021-08-21 21:28:06[server.js] info: "::1 - - [21/Aug/2021:13:28:06 +0000] \"GET /api/pokemon/16 HTTP/1.1\" 200 165513 \"-\" \"PostmanRuntime/7.28.2\"\n"
2021-08-21 21:29:05[server.js] info: "::1 - - [21/Aug/2021:13:29:05 +0000] \"GET /api/pokemon HTTP/1.1\" 200 1395 \"-\" \"PostmanRuntime/7.28.2\"\n"
2021-08-21 21:34:36[server.js] info: "::1 - - [21/Aug/2021:13:34:36 +0000] \"GET /api/pokemon/my-pokemon HTTP/1.1\" 200 1099 \"-\" \"PostmanRuntime/7.28.2\"\n"
2021-08-21 21:35:37[server.js] info: "::1 - - [21/Aug/2021:13:35:37 +0000] \"GET /api/pokemon/my-pokemon HTTP/1.1\" 200 103 \"-\" \"PostmanRuntime/7.28.2\"\n"
2021-08-21 21:35:48[server.js] info: "::1 - - [21/Aug/2021:13:35:48 +0000] \"POST /api/pokemon HTTP/1.1\" 200 202 \"-\" \"PostmanRuntime/7.28.2\"\n"
2021-08-21 21:35:55[server.js] info: "::1 - - [21/Aug/2021:13:35:55 +0000] \"GET /api/pokemon/my-pokemon HTTP/1.1\" 200 223 \"-\" \"PostmanRuntime/7.28.2\"\n"
2021-08-21 21:38:16[server.js] info: "::1 - - [21/Aug/2021:13:38:16 +0000] \"GET /api/pokemon/my-pokemon HTTP/1.1\" 200 220 \"-\" \"PostmanRuntime/7.28.2\"\n"
2021-08-21 21:38:49[server.js] info: "::1 - - [21/Aug/2021:13:38:49 +0000] \"GET /api/pokemon/my-pokemon HTTP/1.1\" 200 220 \"-\" \"PostmanRuntime/7.28.2\"\n"
2021-08-21 21:38:51[server.js] info: "::1 - - [21/Aug/2021:13:38:51 +0000] \"GET /api/pokemon/my-pokemon HTTP/1.1\" 200 220 \"-\" \"PostmanRuntime/7.28.2\"\n"
2021-08-21 21:39:08[server.js] info: "::1 - - [21/Aug/2021:13:39:08 +0000] \"GET /api/pokemon/my-pokemon?page=2 HTTP/1.1\" 200 244 \"-\" \"PostmanRuntime/7.28.2\"\n"
2021-08-21 21:39:23[server.js] info: "::1 - - [21/Aug/2021:13:39:23 +0000] \"GET /api/pokemon/my-pokemon?page=2&limit=10 HTTP/1.1\" 200 244 \"-\" \"PostmanRuntime/7.28.2\"\n"
2021-08-21 21:39:24[server.js] info: "::1 - - [21/Aug/2021:13:39:24 +0000] \"GET /api/pokemon/my-pokemon?page=2&limit=10 HTTP/1.1\" 200 244 \"-\" \"PostmanRuntime/7.28.2\"\n"
2021-08-21 21:39:24[server.js] info: "::1 - - [21/Aug/2021:13:39:24 +0000] \"GET /api/pokemon/my-pokemon?page=2&limit=10 HTTP/1.1\" 200 244 \"-\" \"PostmanRuntime/7.28.2\"\n"
2021-08-21 21:39:26[server.js] info: "::1 - - [21/Aug/2021:13:39:26 +0000] \"GET /api/pokemon/my-pokemon?page=2&limit=10 HTTP/1.1\" 200 244 \"-\" \"PostmanRuntime/7.28.2\"\n"
2021-08-21 21:39:32[server.js] info: "::1 - - [21/Aug/2021:13:39:32 +0000] \"GET /api/pokemon/my-pokemon HTTP/1.1\" 200 220 \"-\" \"PostmanRuntime/7.28.2\"\n"
2021-08-21 21:41:12[server.js] info: "::1 - - [21/Aug/2021:13:41:12 +0000] \"GET /api/pokemon/my-pokemon HTTP/1.1\" 200 218 \"-\" \"PostmanRuntime/7.28.2\"\n"
2021-08-21 21:41:13[server.js] info: "::1 - - [21/Aug/2021:13:41:13 +0000] \"GET /api/pokemon/my-pokemon HTTP/1.1\" 200 218 \"-\" \"PostmanRuntime/7.28.2\"\n"
2021-08-21 21:41:17[server.js] info: "::1 - - [21/Aug/2021:13:41:17 +0000] \"GET /api/pokemon/my-pokemon?page=2 HTTP/1.1\" 200 118 \"-\" \"PostmanRuntime/7.28.2\"\n"
2021-08-21 21:41:22[server.js] info: "::1 - - [21/Aug/2021:13:41:22 +0000] \"GET /api/pokemon/my-pokemon?page=1 HTTP/1.1\" 200 238 \"-\" \"PostmanRuntime/7.28.2\"\n"
2021-08-21 21:41:56[server.js] info: "::1 - - [21/Aug/2021:13:41:56 +0000] \"POST /api/pokemon HTTP/1.1\" 200 202 \"-\" \"PostmanRuntime/7.28.2\"\n"
2021-08-21 21:41:57[server.js] info: "::1 - - [21/Aug/2021:13:41:57 +0000] \"POST /api/pokemon HTTP/1.1\" 200 202 \"-\" \"PostmanRuntime/7.28.2\"\n"
2021-08-21 21:41:57[server.js] info: "::1 - - [21/Aug/2021:13:41:57 +0000] \"POST /api/pokemon HTTP/1.1\" 200 202 \"-\" \"PostmanRuntime/7.28.2\"\n"
2021-08-21 21:41:58[server.js] info: "::1 - - [21/Aug/2021:13:41:58 +0000] \"POST /api/pokemon HTTP/1.1\" 200 202 \"-\" \"PostmanRuntime/7.28.2\"\n"
2021-08-21 21:42:03[server.js] info: "::1 - - [21/Aug/2021:13:42:03 +0000] \"GET /api/pokemon/my-pokemon?page=1 HTTP/1.1\" 200 722 \"-\" \"PostmanRuntime/7.28.2\"\n"
2021-08-21 21:42:10[server.js] info: "::1 - - [21/Aug/2021:13:42:10 +0000] \"GET /api/pokemon/my-pokemon?page=1&limit=1 HTTP/1.1\" 200 722 \"-\" \"PostmanRuntime/7.28.2\"\n"
2021-08-21 21:43:14[server.js] info: "::1 - - [21/Aug/2021:13:43:14 +0000] \"GET /api/pokemon/my-pokemon?page=1&limit=1 HTTP/1.1\" 200 601 \"-\" \"PostmanRuntime/7.28.2\"\n"
2021-08-21 21:43:25[server.js] info: "::1 - - [21/Aug/2021:13:43:25 +0000] \"GET /api/pokemon/my-pokemon?page=1&limit=1 HTTP/1.1\" 200 722 \"-\" \"PostmanRuntime/7.28.2\"\n"
2021-08-21 21:43:39[server.js] info: "::1 - - [21/Aug/2021:13:43:39 +0000] \"GET /api/pokemon/my-pokemon?page=1&limit=1 HTTP/1.1\" 200 722 \"-\" \"PostmanRuntime/7.28.2\"\n"
2021-08-21 21:43:46[server.js] info: "::1 - - [21/Aug/2021:13:43:46 +0000] \"GET /api/pokemon/my-pokemon?page=1 HTTP/1.1\" 200 722 \"-\" \"PostmanRuntime/7.28.2\"\n"
2021-08-21 21:43:47[server.js] info: "::1 - - [21/Aug/2021:13:43:47 +0000] \"GET /api/pokemon/my-pokemon?page=1 HTTP/1.1\" 200 722 \"-\" \"PostmanRuntime/7.28.2\"\n"
2021-08-21 21:43:48[server.js] info: "::1 - - [21/Aug/2021:13:43:48 +0000] \"GET /api/pokemon/my-pokemon?page=1 HTTP/1.1\" 200 722 \"-\" \"PostmanRuntime/7.28.2\"\n"
2021-08-21 21:43:49[server.js] info: "::1 - - [21/Aug/2021:13:43:49 +0000] \"GET /api/pokemon/my-pokemon?page=1 HTTP/1.1\" 200 722 \"-\" \"PostmanRuntime/7.28.2\"\n"
2021-08-21 21:43:50[server.js] info: "::1 - - [21/Aug/2021:13:43:50 +0000] \"GET /api/pokemon/my-pokemon?page=1 HTTP/1.1\" 200 722 \"-\" \"PostmanRuntime/7.28.2\"\n"
2021-08-21 21:44:25[server.js] info: "::1 - - [21/Aug/2021:13:44:25 +0000] \"GET /api/pokemon/my-pokemon?page=2&limit=1 HTTP/1.1\" 200 118 \"-\" \"PostmanRuntime/7.28.2\"\n"
2021-08-21 21:44:54[server.js] info: "::1 - - [21/Aug/2021:13:44:54 +0000] \"GET /api/pokemon/my-pokemon?page=2&limit=1 HTTP/1.1\" 200 118 \"-\" \"PostmanRuntime/7.28.2\"\n"
2021-08-21 21:44:58[server.js] info: "::1 - - [21/Aug/2021:13:44:58 +0000] \"GET /api/pokemon/my-pokemon?page=1&limit=1 HTTP/1.1\" 200 722 \"-\" \"PostmanRuntime/7.28.2\"\n"
2021-08-21 21:45:33[server.js] info: "::1 - - [21/Aug/2021:13:45:33 +0000] \"GET /api/pokemon/my-pokemon?page=1&limit=1 HTTP/1.1\" 200 722 \"-\" \"PostmanRuntime/7.28.2\"\n"
2021-08-21 21:46:04[server.js] info: "::1 - - [21/Aug/2021:13:46:04 +0000] \"GET /api/pokemon/my-pokemon?page=1&limit=1 HTTP/1.1\" 200 722 \"-\" \"PostmanRuntime/7.28.2\"\n"
2021-08-21 21:46:28[server.js] info: "::1 - - [21/Aug/2021:13:46:28 +0000] \"GET /api/pokemon/my-pokemon?page=1&limit=1 HTTP/1.1\" 200 714 \"-\" \"PostmanRuntime/7.28.2\"\n"
2021-08-21 21:47:02[server.js] info: "::1 - - [21/Aug/2021:13:47:02 +0000] \"GET /api/pokemon/my-pokemon?page=1&size=1 HTTP/1.1\" 200 237 \"-\" \"PostmanRuntime/7.28.2\"\n"
2021-08-21 21:47:49[server.js] info: "::1 - - [21/Aug/2021:13:47:49 +0000] \"GET /api/pokemon/my-pokemon?page=1&size=1 HTTP/1.1\" 200 237 \"-\" \"PostmanRuntime/7.28.2\"\n"
2021-08-21 21:47:53[server.js] info: "::1 - - [21/Aug/2021:13:47:53 +0000] \"GET /api/pokemon/my-pokemon?page=2&size=1 HTTP/1.1\" 200 237 \"-\" \"PostmanRuntime/7.28.2\"\n"
2021-08-21 21:48:02[server.js] info: "::1 - - [21/Aug/2021:13:48:02 +0000] \"GET /api/pokemon/my-pokemon?page=3&size=1 HTTP/1.1\" 200 237 \"-\" \"PostmanRuntime/7.28.2\"\n"
2021-08-21 21:48:15[server.js] info: "::1 - - [21/Aug/2021:13:48:15 +0000] \"GET /api/pokemon/my-pokemon?page=2&size=1 HTTP/1.1\" 200 237 \"-\" \"PostmanRuntime/7.28.2\"\n"
2021-08-21 21:48:22[server.js] info: "::1 - - [21/Aug/2021:13:48:22 +0000] \"GET /api/pokemon/my-pokemon?page=3&size=1 HTTP/1.1\" 200 237 \"-\" \"PostmanRuntime/7.28.2\"\n"
2021-08-21 21:49:44[server.js] info: "::1 - - [21/Aug/2021:13:49:44 +0000] \"GET /api/pokemon/my-pokemon?page=3&size=1 HTTP/1.1\" 200 246 \"-\" \"PostmanRuntime/7.28.2\"\n"
2021-08-21 21:52:54[server.js] info: "::1 - - [21/Aug/2021:13:52:54 +0000] \"GET /api/pokemon/my-pokemon HTTP/1.1\" 200 700 \"-\" \"PostmanRuntime/7.28.2\"\n"
2021-08-21 21:55:50[server.js] info: "::1 - - [21/Aug/2021:13:55:50 +0000] \"DELETE /api/pokemon/1 HTTP/1.1\" 200 79 \"-\" \"PostmanRuntime/7.28.2\"\n"
2021-08-21 21:55:57[server.js] info: "::1 - - [21/Aug/2021:13:55:57 +0000] \"DELETE /api/pokemon/12 HTTP/1.1\" 200 75 \"-\" \"PostmanRuntime/7.28.2\"\n"
2021-08-21 21:56:03[server.js] info: "::1 - - [21/Aug/2021:13:56:03 +0000] \"GET /api/pokemon/my-pokemon HTTP/1.1\" 200 579 \"-\" \"PostmanRuntime/7.28.2\"\n"
2021-08-21 22:00:38[server.js] info: "::1 - - [21/Aug/2021:14:00:38 +0000] \"GET /api/pokemon/my-pokemon HTTP/1.1\" 200 579 \"-\" \"PostmanRuntime/7.28.2\"\n"
2021-08-21 22:00:39[server.js] info: "::1 - - [21/Aug/2021:14:00:39 +0000] \"GET /api/pokemon/my-pokemon HTTP/1.1\" 200 579 \"-\" \"PostmanRuntime/7.28.2\"\n"
2021-08-21 22:00:40[server.js] info: "::1 - - [21/Aug/2021:14:00:40 +0000] \"GET /api/pokemon/my-pokemon HTTP/1.1\" 200 579 \"-\" \"PostmanRuntime/7.28.2\"\n"
2021-08-21 22:04:17[server.js] info: "::1 - - [21/Aug/2021:14:04:17 +0000] \"GET /api/pokemon/my-pokemon HTTP/1.1\" 200 579 \"-\" \"PostmanRuntime/7.28.2\"\n"
