2021-08-22 09:38:30[server.js] info: "::1 - - [22/Aug/2021:01:38:30 +0000] \"POST /api/pokemon HTTP/1.1\" 200 187 \"-\" \"PostmanRuntime/7.28.2\"\n"
2021-08-22 09:38:40[server.js] info: "::1 - - [22/Aug/2021:01:38:40 +0000] \"GET /api/pokemon/my-pokemon HTTP/1.1\" 200 219 \"-\" \"PostmanRuntime/7.28.2\"\n"
2021-08-22 09:40:44[server.js] info: "::1 - - [22/Aug/2021:01:40:44 +0000] \"POST /api/pokemon HTTP/1.1\" 200 187 \"-\" \"PostmanRuntime/7.28.2\"\n"
2021-08-22 09:40:48[server.js] info: "::1 - - [22/Aug/2021:01:40:48 +0000] \"GET /api/pokemon/my-pokemon HTTP/1.1\" 500 57 \"-\" \"PostmanRuntime/7.28.2\"\n"
2021-08-22 09:40:57[server.js] info: "::1 - - [22/Aug/2021:01:40:57 +0000] \"POST /api/pokemon HTTP/1.1\" 200 125 \"-\" \"PostmanRuntime/7.28.2\"\n"
2021-08-22 09:41:23[server.js] info: "::1 - - [22/Aug/2021:01:41:23 +0000] \"POST /api/pokemon HTTP/1.1\" 200 125 \"-\" \"PostmanRuntime/7.28.2\"\n"
2021-08-22 09:41:57[server.js] info: "::1 - - [22/Aug/2021:01:41:57 +0000] \"POST /api/pokemon HTTP/1.1\" 200 204 \"-\" \"PostmanRuntime/7.28.2\"\n"
2021-08-22 09:42:02[server.js] info: "::1 - - [22/Aug/2021:01:42:02 +0000] \"GET /api/pokemon/my-pokemon HTTP/1.1\" 200 216 \"-\" \"PostmanRuntime/7.28.2\"\n"
2021-08-22 09:42:10[server.js] info: "::1 - - [22/Aug/2021:01:42:10 +0000] \"DELETE /api/pokemon/1 HTTP/1.1\" 200 75 \"-\" \"PostmanRuntime/7.28.2\"\n"
2021-08-22 09:42:15[server.js] info: "::1 - - [22/Aug/2021:01:42:15 +0000] \"GET /api/pokemon/my-pokemon HTTP/1.1\" 200 96 \"-\" \"PostmanRuntime/7.28.2\"\n"
2021-08-22 09:44:53[server.js] info: "::1 - - [22/Aug/2021:01:44:53 +0000] \"GET /api/pokemon HTTP/1.1\" 200 1395 \"-\" \"PostmanRuntime/7.28.2\"\n"
2021-08-22 09:52:02[server.js] info: "::1 - - [22/Aug/2021:01:52:02 +0000] \"GET /api/pokemon HTTP/1.1\" 200 1058 \"-\" \"PostmanRuntime/7.28.2\"\n"
2021-08-22 10:16:32[server.js] info: "::1 - - [22/Aug/2021:02:16:32 +0000] \"GET /api/pokemon HTTP/1.1\" 200 1058 \"-\" \"PostmanRuntime/7.28.2\"\n"
2021-08-22 10:17:11[server.js] info: "::1 - - [22/Aug/2021:02:17:11 +0000] \"GET /api/pokemon HTTP/1.1\" 200 1048 \"-\" \"PostmanRuntime/7.28.2\"\n"
2021-08-22 10:19:03[server.js] info: "::1 - - [22/Aug/2021:02:19:03 +0000] \"GET /api/pokemon HTTP/1.1\" 200 65 \"-\" \"PostmanRuntime/7.28.2\"\n"
2021-08-22 10:20:03[server.js] info: "::1 - - [22/Aug/2021:02:20:03 +0000] \"GET /api/pokemon HTTP/1.1\" 200 65 \"-\" \"PostmanRuntime/7.28.2\"\n"
2021-08-22 10:20:21[server.js] info: "::1 - - [22/Aug/2021:02:20:21 +0000] \"GET /api/pokemon HTTP/1.1\" 200 65 \"-\" \"PostmanRuntime/7.28.2\"\n"
2021-08-22 10:20:47[server.js] info: "::1 - - [22/Aug/2021:02:20:47 +0000] \"GET /api/pokemon HTTP/1.1\" 200 65 \"-\" \"PostmanRuntime/7.28.2\"\n"
2021-08-22 10:21:16[server.js] info: "::1 - - [22/Aug/2021:02:21:16 +0000] \"GET /api/pokemon HTTP/1.1\" 200 737 \"-\" \"PostmanRuntime/7.28.2\"\n"
2021-08-22 10:22:00[server.js] info: "::1 - - [22/Aug/2021:02:22:00 +0000] \"GET /api/pokemon HTTP/1.1\" 200 737 \"-\" \"PostmanRuntime/7.28.2\"\n"
2021-08-22 10:24:46[server.js] info: "::1 - - [22/Aug/2021:02:24:46 +0000] \"GET /api/pokemon HTTP/1.1\" 200 737 \"-\" \"PostmanRuntime/7.28.2\"\n"
2021-08-22 10:26:28[server.js] info: "::1 - - [22/Aug/2021:02:26:28 +0000] \"GET /api/pokemon HTTP/1.1\" 200 888 \"-\" \"PostmanRuntime/7.28.2\"\n"
2021-08-22 10:26:39[server.js] info: "::1 - - [22/Aug/2021:02:26:39 +0000] \"GET /api/pokemon/?offset=20&limit=10 HTTP/1.1\" 200 1126 \"-\" \"PostmanRuntime/7.28.2\"\n"
2021-08-22 10:28:43[server.js] info: "::1 - - [22/Aug/2021:02:28:43 +0000] \"GET /api/pokemon HTTP/1.1\" 200 65 \"-\" \"PostmanRuntime/7.28.2\"\n"
2021-08-22 10:29:02[server.js] info: "::1 - - [22/Aug/2021:02:29:02 +0000] \"GET /api/pokemon HTTP/1.1\" 200 888 \"-\" \"PostmanRuntime/7.28.2\"\n"
2021-08-22 10:29:29[server.js] info: "::1 - - [22/Aug/2021:02:29:29 +0000] \"GET /api/pokemon HTTP/1.1\" 200 65 \"-\" \"PostmanRuntime/7.28.2\"\n"
2021-08-22 10:30:23[server.js] info: "::1 - - [22/Aug/2021:02:30:23 +0000] \"GET /api/pokemon HTTP/1.1\" 200 65 \"-\" \"PostmanRuntime/7.28.2\"\n"
2021-08-22 10:30:51[server.js] info: "::1 - - [22/Aug/2021:02:30:51 +0000] \"GET /api/pokemon HTTP/1.1\" 200 65 \"-\" \"PostmanRuntime/7.28.2\"\n"
2021-08-22 10:31:18[server.js] info: "::1 - - [22/Aug/2021:02:31:18 +0000] \"GET /api/pokemon HTTP/1.1\" 200 65 \"-\" \"PostmanRuntime/7.28.2\"\n"
2021-08-22 10:31:24[server.js] info: "::1 - - [22/Aug/2021:02:31:24 +0000] \"GET /api/pokemon HTTP/1.1\" 200 65 \"-\" \"PostmanRuntime/7.28.2\"\n"
2021-08-22 10:31:26[server.js] info: "::1 - - [22/Aug/2021:02:31:26 +0000] \"GET /api/pokemon HTTP/1.1\" 200 65 \"-\" \"PostmanRuntime/7.28.2\"\n"
2021-08-22 10:31:34[server.js] info: "::1 - - [22/Aug/2021:02:31:34 +0000] \"GET /api/pokemon HTTP/1.1\" 200 65 \"-\" \"PostmanRuntime/7.28.2\"\n"
2021-08-22 10:31:44[server.js] info: "::1 - - [22/Aug/2021:02:31:44 +0000] \"GET /api/pokemon HTTP/1.1\" 200 65 \"-\" \"PostmanRuntime/7.28.2\"\n"
2021-08-22 10:31:45[server.js] info: "::1 - - [22/Aug/2021:02:31:45 +0000] \"GET /api/pokemon HTTP/1.1\" 200 65 \"-\" \"PostmanRuntime/7.28.2\"\n"
2021-08-22 10:31:56[server.js] info: "::1 - - [22/Aug/2021:02:31:56 +0000] \"GET /api/pokemon HTTP/1.1\" 200 888 \"-\" \"PostmanRuntime/7.28.2\"\n"
2021-08-22 10:32:04[server.js] info: "::1 - - [22/Aug/2021:02:32:04 +0000] \"GET /api/pokemon/?offset=0&limit=10 HTTP/1.1\" 200 65 \"-\" \"PostmanRuntime/7.28.2\"\n"
2021-08-22 10:32:07[server.js] info: "::1 - - [22/Aug/2021:02:32:07 +0000] \"GET /api/pokemon/?offset=0&limit=10 HTTP/1.1\" 200 65 \"-\" \"PostmanRuntime/7.28.2\"\n"
2021-08-22 10:32:54[server.js] info: "::1 - - [22/Aug/2021:02:32:54 +0000] \"GET /api/pokemon/?offset=0&limit=10 HTTP/1.1\" 200 65 \"-\" \"PostmanRuntime/7.28.2\"\n"
2021-08-22 10:35:55[server.js] info: "::1 - - [22/Aug/2021:02:35:55 +0000] \"GET /api/pokemon/?offset=0&limit=10 HTTP/1.1\" 200 65 \"-\" \"PostmanRuntime/7.28.2\"\n"
2021-08-22 10:36:24[server.js] info: "::1 - - [22/Aug/2021:02:36:24 +0000] \"GET /api/pokemon/?offset=0&limit=10 HTTP/1.1\" 200 65 \"-\" \"PostmanRuntime/7.28.2\"\n"
2021-08-22 10:37:28[server.js] info: "::1 - - [22/Aug/2021:02:37:28 +0000] \"GET /api/pokemon/?offset=0&limit=10 HTTP/1.1\" 200 65 \"-\" \"PostmanRuntime/7.28.2\"\n"
2021-08-22 10:37:46[server.js] info: "::1 - - [22/Aug/2021:02:37:46 +0000] \"GET /api/pokemon/?offset=0&limit=10 HTTP/1.1\" 200 1035 \"-\" \"PostmanRuntime/7.28.2\"\n"
2021-08-22 10:40:03[server.js] info: "::1 - - [22/Aug/2021:02:40:03 +0000] \"GET /api/pokemon/?offset=0&limit=10 HTTP/1.1\" 200 694 \"-\" \"PostmanRuntime/7.28.2\"\n"
2021-08-22 10:40:29[server.js] info: "::1 - - [22/Aug/2021:02:40:29 +0000] \"GET /api/pokemon/?offset=0&limit=10 HTTP/1.1\" 200 65 \"-\" \"PostmanRuntime/7.28.2\"\n"
2021-08-22 10:40:53[server.js] info: "::1 - - [22/Aug/2021:02:40:53 +0000] \"GET /api/pokemon HTTP/1.1\" 200 854 \"-\" \"PostmanRuntime/7.28.2\"\n"
2021-08-22 10:42:08[server.js] info: "::1 - - [22/Aug/2021:02:42:08 +0000] \"GET /api/pokemon HTTP/1.1\" 200 854 \"-\" \"PostmanRuntime/7.28.2\"\n"
2021-08-22 10:46:39[server.js] info: "::1 - - [22/Aug/2021:02:46:39 +0000] \"GET /api/pokemon HTTP/1.1\" 200 842 \"-\" \"PostmanRuntime/7.28.2\"\n"
2021-08-22 10:47:47[server.js] info: "::1 - - [22/Aug/2021:02:47:47 +0000] \"GET /api/pokemon HTTP/1.1\" 200 814 \"-\" \"PostmanRuntime/7.28.2\"\n"
2021-08-22 10:47:56[server.js] info: "::1 - - [22/Aug/2021:02:47:56 +0000] \"GET /?offset=10&limit=10 HTTP/1.1\" 200 49 \"-\" \"PostmanRuntime/7.28.2\"\n"
2021-08-22 10:49:14[server.js] info: "::1 - - [22/Aug/2021:02:49:14 +0000] \"GET /api/pokemon HTTP/1.1\" 200 826 \"-\" \"PostmanRuntime/7.28.2\"\n"
2021-08-22 10:49:19[server.js] info: "::1 - - [22/Aug/2021:02:49:19 +0000] \"GET /api/pokemon/?offset=10&limit=10 HTTP/1.1\" 200 1054 \"-\" \"PostmanRuntime/7.28.2\"\n"
2021-08-22 10:50:26[server.js] info: "::1 - - [22/Aug/2021:02:50:26 +0000] \"GET /api/pokemon/?offset=10&limit=10 HTTP/1.1\" 200 65 \"-\" \"PostmanRuntime/7.28.2\"\n"
2021-08-22 10:50:35[server.js] info: "::1 - - [22/Aug/2021:02:50:35 +0000] \"GET /api/pokemon/?offset=10&limit=10 HTTP/1.1\" 200 1088 \"-\" \"PostmanRuntime/7.28.2\"\n"
2021-08-22 10:50:44[server.js] info: "::1 - - [22/Aug/2021:02:50:44 +0000] \"GET /api/pokemon/?offset=0&limit=10 HTTP/1.1\" 200 1069 \"-\" \"PostmanRuntime/7.28.2\"\n"
2021-08-22 10:53:20[server.js] info: "::1 - - [22/Aug/2021:02:53:20 +0000] \"GET /api/pokemon/?offset=0&limit=10 HTTP/1.1\" 200 1116 \"-\" \"PostmanRuntime/7.28.2\"\n"
2021-08-22 10:54:07[server.js] info: "::1 - - [22/Aug/2021:02:54:07 +0000] \"GET /api/pokemon/?offset=0&limit=10 HTTP/1.1\" 200 1082 \"-\" \"PostmanRuntime/7.28.2\"\n"
2021-08-22 10:54:10[server.js] info: "::1 - - [22/Aug/2021:02:54:10 +0000] \"GET /api/pokemon/?offset=0&limit=10 HTTP/1.1\" 200 1082 \"-\" \"PostmanRuntime/7.28.2\"\n"
2021-08-22 10:54:15[server.js] info: "::1 - - [22/Aug/2021:02:54:15 +0000] \"GET /api/pokemon/?offset=10&limit=10 HTTP/1.1\" 200 1088 \"-\" \"PostmanRuntime/7.28.2\"\n"
2021-08-22 10:54:28[server.js] info: "::1 - - [22/Aug/2021:02:54:28 +0000] \"GET /api/pokemon/?offset=20&limit=10 HTTP/1.1\" 200 1086 \"-\" \"PostmanRuntime/7.28.2\"\n"
2021-08-22 10:55:04[server.js] info: "::1 - - [22/Aug/2021:02:55:04 +0000] \"GET /api/pokemon HTTP/1.1\" 200 1527 \"-\" \"PostmanRuntime/7.28.2\"\n"
2021-08-22 10:59:55[server.js] info: "::1 - - [22/Aug/2021:02:59:55 +0000] \"GET /api/pokemon/?offset=20&limit=20 HTTP/1.1\" 200 1950 \"-\" \"PostmanRuntime/7.28.2\"\n"
2021-08-22 11:00:07[server.js] info: "::1 - - [22/Aug/2021:03:00:07 +0000] \"GET /api/pokemon/?offset=40&limit=20 HTTP/1.1\" 200 1933 \"-\" \"PostmanRuntime/7.28.2\"\n"
2021-08-22 11:00:46[server.js] info: "::1 - - [22/Aug/2021:03:00:46 +0000] \"GET /api/pokemon?offset=1&limit=1 HTTP/1.1\" 200 312 \"-\" \"PostmanRuntime/7.28.2\"\n"
